
> trpc-vite@1.0.0 dev:server
> npm run ser -w server


> server@0.0.0 ser
> tsx watch .

1:29:47 AM [tsx] unlink in ./prisma/dev.db-journal Restarting...
c1:30:31 AM [tsx] change in ./index.ts Restarting...
c1:31:29 AM [tsx] change in ./index.ts Restarting...
c1:42:03 AM [tsx] change in ./prisma/dev.db Restarting...
c1:42:03 AM [tsx] unlink in ./prisma/dev.db-journal Restarting...
c1:42:44 AM [tsx] change in ./index.ts Restarting...
c1:42:47 AM [tsx] change in ./prisma/dev.db Restarting...
c1:42:47 AM [tsx] unlink in ./prisma/dev.db-journal Restarting...
c1:43:34 AM [tsx] change in ./index.ts Restarting...
c1:43:38 AM [tsx] change in ./index.ts Restarting...
c1:44:03 AM [tsx] change in ./index.ts Restarting...
c1:44:07 AM [tsx] change in ./index.ts Restarting...
c1:44:15 AM [tsx] change in ./prisma/dev.db Restarting...
c1:44:15 AM [tsx] unlink in ./prisma/dev.db-journal Restarting...
c{
  then: [Function: then],
  catch: [Function: catch],
  finally: [Function: finally],
  requestTransaction: [Function: requestTransaction],
  [Symbol(Symbol.toStringTag)]: 'PrismaPromise'
}
1:44:36 AM [tsx] change in ./index.ts Restarting...
c1:44:37 AM [tsx] change in ./index.ts Restarting...
c1:44:41 AM [tsx] change in ./index.ts Restarting...
c{ id: 10, name: 'asasd', email: 'asdasdsad' }
1:44:43 AM [tsx] change in ./prisma/dev.db Restarting...
c1:44:43 AM [tsx] unlink in ./prisma/dev.db-journal Restarting...
c{ id: 11, name: '', email: '' }
1:44:45 AM [tsx] change in ./prisma/dev.db Restarting...
c1:44:45 AM [tsx] unlink in ./prisma/dev.db-journal Restarting...
c{ id: 12, name: 'sdsdsd', email: 'sdsds' }
1:44:48 AM [tsx] change in ./prisma/dev.db Restarting...
c1:44:49 AM [tsx] unlink in ./prisma/dev.db-journal Restarting...
c{ id: 13, name: 'ddd', email: 'ddd' }
1:44:52 AM [tsx] change in ./prisma/dev.db Restarting...
c1:44:52 AM [tsx] unlink in ./prisma/dev.db-journal Restarting...
cHello
{ id: 14, name: 'asdsa', email: 'dasdasd' }
1:45:23 AM [tsx] change in ./prisma/dev.db Restarting...
c1:45:23 AM [tsx] unlink in ./prisma/dev.db-journal Restarting...
cHello
Hello
Hello
1:52:38 AM [tsx] change in ./index.ts Restarting...
cHello
Hello
{ id: 15, name: 'dsd', email: 'dd' }
1:54:02 AM [tsx] change in ./prisma/dev.db Restarting...
c1:54:02 AM [tsx] unlink in ./prisma/dev.db-journal Restarting...
cHello
{ id: 16, name: 'asdsad', email: 'asadas' }
1:54:12 AM [tsx] change in ./prisma/dev.db Restarting...
c1:54:12 AM [tsx] unlink in ./prisma/dev.db-journal Restarting...
cHello
{ id: 17, name: 'd', email: 'd' }
1:54:49 AM [tsx] change in ./prisma/dev.db Restarting...
c1:54:49 AM [tsx] unlink in ./prisma/dev.db-journal Restarting...
cHello
Hello
Hello
{ id: 18, name: 'asdasd', email: 'asdasdas' }
1:57:10 AM [tsx] change in ./prisma/dev.db Restarting...
c1:57:10 AM [tsx] unlink in ./prisma/dev.db-journal Restarting...
c1:57:27 AM [tsx] change in ./index.ts Restarting...
c1:57:33 AM [tsx] change in ./index.ts Restarting...
c1:58:07 AM [tsx] change in ./index.ts Restarting...
c1:58:44 AM [tsx] change in ./index.ts Restarting...
cHello
1:58:59 AM [tsx] change in ./index.ts Restarting...
c1:59:03 AM [tsx] change in ./prisma/dev.db Restarting...
c1:59:03 AM [tsx] unlink in ./prisma/dev.db-journal Restarting...
cHello
1:59:14 AM [tsx] change in ./index.ts Restarting...
cHello
1:59:51 AM [tsx] change in ./index.ts Restarting...
c2:00:11 AM [tsx] change in ./index.ts Restarting...
cHello
2:00:22 AM [tsx] change in ./index.ts Restarting...
cHello
2:00:42 AM [tsx] change in ./index.ts Restarting...
c2:01:21 AM [tsx] change in ./index.ts Restarting...
cHello
2:01:51 AM [tsx] change in ./index.ts Restarting...
cuser
Hello
user
Hello
user
Hello
user
Hello
Hello
Hello
user
Hello
user
2:28:54 AM [tsx] change in ./index.ts Restarting...
cHello
Hello
Hello
Hello
Hello
Hello
Hello
Hello
Hello
Hello
Hello
3:38:00 AM [tsx] change in ./index.ts Restarting...
c3:39:09 AM [tsx] change in ./index.ts Restarting...
cuser
user
3:40:08 AM [tsx] change in ./index.ts Restarting...
c3:40:36 AM [tsx] change in ./index.ts Restarting...
c3:41:31 AM [tsx] change in ./index.ts Restarting...
c{ name: 'asfas', email: 'TeakeMitchy@proton.me' }
3:42:04 AM [tsx] change in ./index.ts Restarting...
c{ id: 19, name: 'safsad', email: 'fasdfsaf' }
3:42:10 AM [tsx] change in ./prisma/dev.db Restarting...
c3:42:10 AM [tsx] unlink in ./prisma/dev.db-journal Restarting...
c{ id: 20, name: 'asfasdfa', email: 'sfsafsafa' }
3:42:47 AM [tsx] change in ./prisma/dev.db Restarting...
c3:42:47 AM [tsx] unlink in ./prisma/dev.db-journal Restarting...
c3:42:58 AM [tsx] change in ./prisma/dev.db Restarting...
c3:42:58 AM [tsx] unlink in ./prisma/dev.db-journal Restarting...
c{ id: 21, name: 'asfafs', email: 'sfasf' }
3:43:51 AM [tsx] change in ./prisma/dev.db Restarting...
c3:43:51 AM [tsx] unlink in ./prisma/dev.db-journal Restarting...
c3:44:13 AM [tsx] change in ./prisma/dev.db Restarting...
c3:44:13 AM [tsx] unlink in ./prisma/dev.db-journal Restarting...
c{ id: 22, name: 'asdfas', email: 'asdfasf' }
3:44:15 AM [tsx] change in ./prisma/dev.db Restarting...
c3:44:15 AM [tsx] unlink in ./prisma/dev.db-journal Restarting...
c{ id: 23, name: 'safasf', email: 'asfasfasfsadf' }
3:44:34 AM [tsx] change in ./prisma/dev.db Restarting...
c3:44:34 AM [tsx] unlink in ./prisma/dev.db-journal Restarting...
c3:46:30 AM [tsx] change in ./prisma/dev.db Restarting...
c3:46:30 AM [tsx] unlink in ./prisma/dev.db-journal Restarting...
c{ id: 24, name: 'asfasf', email: 'asfsaf' }
3:47:48 AM [tsx] change in ./prisma/dev.db Restarting...
c3:47:49 AM [tsx] unlink in ./prisma/dev.db-journal Restarting...
c{ id: 25, name: 'teak ', email: 'TeakeMitchy@proton.me' }
3:49:12 AM [tsx] change in ./prisma/dev.db Restarting...
c3:49:13 AM [tsx] unlink in ./prisma/dev.db-journal Restarting...
c